
> promo-website@0.1.0 build
> next build

  ▲ Next.js 14.2.35

   Creating an optimized production build ...
 ✓ Compiled successfully
   Linting and checking validity of types ...
   Collecting page data ...
   Generating static pages (0/9) ...
   Generating static pages (2/9) 
   Generating static pages (4/9) 
   Generating static pages (6/9) 
 ✓ Generating static pages (9/9)
   Finalizing page optimization ...
   Collecting build traces ...

Route (app)                              Size     First Load JS
┌ ○ /                                    1.2 kB         88.7 kB
├ ○ /_not-found                          873 B          88.4 kB
├ ○ /impact                              5.9 kB          143 kB
├ ○ /join                                5.76 kB         143 kB
├ ○ /support                             6.43 kB         144 kB
└ ○ /technology                          5.09 kB         137 kB
+ First Load JS shared by all            87.5 kB
  ├ chunks/117-d27f0b7578e99cf5.js       31.7 kB
  ├ chunks/fd9d1056-686ec31b8af3a863.js  53.6 kB
  └ other shared chunks (total)          2.15 kB


○  (Static)  prerendered as static content

